<?xml version="1.0" encoding="UTF-8"?>
<testsuite xmlns:xsi="http://www.w3.org/2001/XMLSchema-instance" xsi:noNamespaceSchemaLocation="https://maven.apache.org/surefire/maven-surefire-plugin/xsd/surefire-test-report-3.0.xsd" version="3.0" name="TestSuite" time="540.227" tests="11" errors="0" skipped="0" failures="1">
  <properties>
[...]
</properties>
  <testcase name="runScenario[&quot;Add  All of it  Gift to Cart&quot;, &quot;Optional[All of it Gift Automate]&quot;](1)" classname="com.mindtree.runner.BDDTestRunner" time="51.351">
    <system-out><![CDATA[All of it
11-20-2021 14:47:58 ExtentLogUtilities.java DEBUG [main] stepDefinations.AllOfItStepDef 14 - URL Opened
11-20-2021 14:48:04 ExtentLogUtilities.java DEBUG [main] stepDefinations.AllOfItStepDef 14 - secretsanta button is clicked in page  Home page
11-20-2021 14:48:15 ExtentLogUtilities.java DEBUG [main] stepDefinations.AllOfItStepDef 14 - Astronaut Mobile Stand is clicked in page result page
11-20-2021 14:48:19 ExtentLogUtilities.java DEBUG [main] stepDefinations.AllOfItStepDef 14 -  cart button is send in page tissue page
11-20-2021 14:48:20 ExtentLogUtilities.java DEBUG [main] stepDefinations.AllOfItStepDef 14 - cart button is clicked in page socks page
11-20-2021 14:48:24 ExtentLogUtilities.java DEBUG [main] stepDefinations.AllOfItStepDef 14 - Close Button is clicked in page Cart Page
11-20-2021 14:48:28 ExtentLogUtilities.java DEBUG [main] stepDefinations.AllOfItStepDef 14 - Bigsmall pic is clicked in page cart page
11-20-2021 14:48:33 _Log4jLoggerFactory.java DEBUG [main] freemarker.cache 45 - Couldn't find template in cache for "Extent.ftl"("en_US", UTF-8, parsed); will try to load it.
11-20-2021 14:48:33 _Log4jLoggerFactory.java DEBUG [main] freemarker.cache 45 - TemplateLoader.findTemplateSource("Extent_en_US.ftl"): Not found
11-20-2021 14:48:33 _Log4jLoggerFactory.java DEBUG [main] freemarker.cache 45 - TemplateLoader.findTemplateSource("Extent_en.ftl"): Not found
11-20-2021 14:48:33 _Log4jLoggerFactory.java DEBUG [main] freemarker.cache 45 - TemplateLoader.findTemplateSource("Extent.ftl"): Found
11-20-2021 14:48:33 _Log4jLoggerFactory.java DEBUG [main] freemarker.cache 45 - Loading template for "Extent.ftl"("en_US", UTF-8, parsed) from "jar:file:/C:/Users/M1074035/.m2/repository/com/relevantcodes/extentreports/2.41.2/extentreports-2.41.2.jar!/com/relevantcodes/extentreports/view/Extent.ftl"
]]></system-out>
    <system-err><![CDATA[log4j:WARN No such property [maxBackupIndex] in com.mindtree.utilities.Log.
log4j:WARN No such property [maxFileSize] in com.mindtree.utilities.Log.
Starting ChromeDriver 96.0.4664.45 (76e4c1bb2ab4671b8beba3444e61c0f17584b2fc-refs/branch-heads/4664@{#947}) on port 39786
Only local connections are allowed.
Please see https://chromedriver.chromium.org/security-considerations for suggestions on keeping ChromeDriver safe.
ChromeDriver was started successfully.
Nov 20, 2021 2:47:48 PM org.openqa.selenium.remote.ProtocolHandshake createSession
INFO: Detected dialect: W3C
]]></system-err>
  </testcase>
  <testcase name="runScenario[&quot;Add Birthday gifts Gift to Cart&quot;, &quot;Optional[Birthday gifts DropDown Automate]&quot;](2)" classname="com.mindtree.runner.BDDTestRunner" time="49.92">
    <system-out><![CDATA[All of it
11-20-2021 14:48:48 ExtentLogUtilities.java DEBUG [main] stepDefinations.BithdayGiftStepDef 14 - URL Opened
Birthday Gifts for Guys
Birthday Gifts for Girls
Birthday Gifts for Kids
1st Birthday Gifts
50th Birthday Gifts
18th Birthday Gifts
11-20-2021 14:48:54 ExtentLogUtilities.java DEBUG [main] stepDefinations.BithdayGiftStepDef 14 - 18th Birthday Gifts is clicked in page Home Page
11-20-2021 14:49:05 ExtentLogUtilities.java DEBUG [main] stepDefinations.BithdayGiftStepDef 14 - Unicorn Touch Silicone Lamp is clicked in page result page
11-20-2021 14:49:09 ExtentLogUtilities.java DEBUG [main] stepDefinations.BithdayGiftStepDef 14 - quantity field  is send in page cart page
11-20-2021 14:49:10 ExtentLogUtilities.java DEBUG [main] stepDefinations.BithdayGiftStepDef 14 - cart button is clicked in page cart page
11-20-2021 14:49:14 ExtentLogUtilities.java DEBUG [main] stepDefinations.BithdayGiftStepDef 14 - Close Button is clicked in page Cart Page
11-20-2021 14:49:18 ExtentLogUtilities.java DEBUG [main] stepDefinations.BithdayGiftStepDef 14 - Bigsmall pic is clicked in page cart page
11-20-2021 14:49:24 _Log4jLoggerFactory.java DEBUG [main] freemarker.cache 45 - Couldn't find template in cache for "Extent.ftl"("en_US", UTF-8, parsed); will try to load it.
11-20-2021 14:49:24 _Log4jLoggerFactory.java DEBUG [main] freemarker.cache 45 - TemplateLoader.findTemplateSource("Extent_en_US.ftl"): Not found
11-20-2021 14:49:24 _Log4jLoggerFactory.java DEBUG [main] freemarker.cache 45 - TemplateLoader.findTemplateSource("Extent_en.ftl"): Not found
11-20-2021 14:49:24 _Log4jLoggerFactory.java DEBUG [main] freemarker.cache 45 - TemplateLoader.findTemplateSource("Extent.ftl"): Found
11-20-2021 14:49:24 _Log4jLoggerFactory.java DEBUG [main] freemarker.cache 45 - Loading template for "Extent.ftl"("en_US", UTF-8, parsed) from "jar:file:/C:/Users/M1074035/.m2/repository/com/relevantcodes/extentreports/2.41.2/extentreports-2.41.2.jar!/com/relevantcodes/extentreports/view/Extent.ftl"
]]></system-out>
    <system-err><![CDATA[Starting ChromeDriver 96.0.4664.45 (76e4c1bb2ab4671b8beba3444e61c0f17584b2fc-refs/branch-heads/4664@{#947}) on port 25871
Only local connections are allowed.
Please see https://chromedriver.chromium.org/security-considerations for suggestions on keeping ChromeDriver safe.
ChromeDriver was started successfully.
Nov 20, 2021 2:48:38 PM org.openqa.selenium.remote.ProtocolHandshake createSession
INFO: Detected dialect: W3C
]]></system-err>
  </testcase>
  <testcase name="runScenario[&quot;Add Corporate Gift to Cart&quot;, &quot;Optional[Corporate Gift Automate]&quot;](3)" classname="com.mindtree.runner.BDDTestRunner" time="31.506">
    <system-out><![CDATA[Corporate Gifts
11-20-2021 14:49:39 ExtentLogUtilities.java DEBUG [main] stepDefinations.CorporateGiftsStepDef 14 - URL Opened
11-20-2021 14:49:43 ExtentLogUtilities.java DEBUG [main] stepDefinations.CorporateGiftsStepDef 14 - Corporate Button is clicked in page Home Page
11-20-2021 14:49:48 ExtentLogUtilities.java DEBUG [main] stepDefinations.CorporateGiftsStepDef 14 - name is send in page Corporate gift form
11-20-2021 14:49:48 ExtentLogUtilities.java DEBUG [main] stepDefinations.CorporateGiftsStepDef 14 - email is send in page Corporate gift form
11-20-2021 14:49:49 ExtentLogUtilities.java DEBUG [main] stepDefinations.CorporateGiftsStepDef 14 - phone no is send in page Corporate gift form
11-20-2021 14:49:53 ExtentLogUtilities.java DEBUG [main] stepDefinations.CorporateGiftsStepDef 14 - Submit Button is clicked in page Corporate Page
11-20-2021 14:49:55 _Log4jLoggerFactory.java DEBUG [main] freemarker.cache 45 - Couldn't find template in cache for "Extent.ftl"("en_US", UTF-8, parsed); will try to load it.
11-20-2021 14:49:55 _Log4jLoggerFactory.java DEBUG [main] freemarker.cache 45 - TemplateLoader.findTemplateSource("Extent_en_US.ftl"): Not found
11-20-2021 14:49:55 _Log4jLoggerFactory.java DEBUG [main] freemarker.cache 45 - TemplateLoader.findTemplateSource("Extent_en.ftl"): Not found
11-20-2021 14:49:55 _Log4jLoggerFactory.java DEBUG [main] freemarker.cache 45 - TemplateLoader.findTemplateSource("Extent.ftl"): Found
11-20-2021 14:49:55 _Log4jLoggerFactory.java DEBUG [main] freemarker.cache 45 - Loading template for "Extent.ftl"("en_US", UTF-8, parsed) from "jar:file:/C:/Users/M1074035/.m2/repository/com/relevantcodes/extentreports/2.41.2/extentreports-2.41.2.jar!/com/relevantcodes/extentreports/view/Extent.ftl"
]]></system-out>
    <system-err><![CDATA[Starting ChromeDriver 96.0.4664.45 (76e4c1bb2ab4671b8beba3444e61c0f17584b2fc-refs/branch-heads/4664@{#947}) on port 25317
Only local connections are allowed.
Please see https://chromedriver.chromium.org/security-considerations for suggestions on keeping ChromeDriver safe.
ChromeDriver was started successfully.
Nov 20, 2021 2:49:28 PM org.openqa.selenium.remote.ProtocolHandshake createSession
INFO: Detected dialect: W3C
]]></system-err>
  </testcase>
  <testcase name="runScenario[&quot;Add Gift to Cart&quot;, &quot;Optional[Gift DropDown Automate]&quot;](4)" classname="com.mindtree.runner.BDDTestRunner" time="38.538">
    <system-out><![CDATA[Gifts
11-20-2021 14:50:10 ExtentLogUtilities.java DEBUG [main] stepDefinations.GiftsStepDef 14 - URL Opened
Gifts for Guys
Gifts For Girls
Gifts for Kids
11-20-2021 14:50:17 ExtentLogUtilities.java DEBUG [main] stepDefinations.GiftsStepDef 14 - Gifts for Kids is clicked in page Home Page
11-20-2021 14:50:25 ExtentLogUtilities.java DEBUG [main] stepDefinations.GiftsStepDef 14 - Panda Wooden LED Lamp is clicked in page result page
11-20-2021 14:50:29 ExtentLogUtilities.java DEBUG [main] stepDefinations.GiftsStepDef 14 - quantity field is send in page cart page
11-20-2021 14:50:30 ExtentLogUtilities.java DEBUG [main] stepDefinations.GiftsStepDef 14 - cart button is clicked in page cart page
11-20-2021 14:50:34 _Log4jLoggerFactory.java DEBUG [main] freemarker.cache 45 - Couldn't find template in cache for "Extent.ftl"("en_US", UTF-8, parsed); will try to load it.
11-20-2021 14:50:34 _Log4jLoggerFactory.java DEBUG [main] freemarker.cache 45 - TemplateLoader.findTemplateSource("Extent_en_US.ftl"): Not found
11-20-2021 14:50:34 _Log4jLoggerFactory.java DEBUG [main] freemarker.cache 45 - TemplateLoader.findTemplateSource("Extent_en.ftl"): Not found
11-20-2021 14:50:34 _Log4jLoggerFactory.java DEBUG [main] freemarker.cache 45 - TemplateLoader.findTemplateSource("Extent.ftl"): Found
11-20-2021 14:50:34 _Log4jLoggerFactory.java DEBUG [main] freemarker.cache 45 - Loading template for "Extent.ftl"("en_US", UTF-8, parsed) from "jar:file:/C:/Users/M1074035/.m2/repository/com/relevantcodes/extentreports/2.41.2/extentreports-2.41.2.jar!/com/relevantcodes/extentreports/view/Extent.ftl"
]]></system-out>
    <system-err><![CDATA[Starting ChromeDriver 96.0.4664.45 (76e4c1bb2ab4671b8beba3444e61c0f17584b2fc-refs/branch-heads/4664@{#947}) on port 20958
Only local connections are allowed.
Please see https://chromedriver.chromium.org/security-considerations for suggestions on keeping ChromeDriver safe.
ChromeDriver was started successfully.
Nov 20, 2021 2:49:59 PM org.openqa.selenium.remote.ProtocolHandshake createSession
INFO: Detected dialect: W3C
]]></system-err>
  </testcase>
  <testcase name="runScenario[&quot;Add Birthday gifts Gift to Cart&quot;, &quot;Optional[Home And Lifestyle DropDown Automate]&quot;](5)" classname="com.mindtree.runner.BDDTestRunner" time="52.153">
    <system-out><![CDATA[Corporate Gifts
11-20-2021 14:50:49 ExtentLogUtilities.java DEBUG [main] stepDefinations.HomeAndLifeStyleStepDef 14 - URL Opened
Home Decor
HouseWarming Gifts
Lamps
3D Mugs
Kitchen & Bar
Party Essentials
Office & Stationery
Clocks & Watches
Ice Trays
Storage Organizers
Water Bottles
11-20-2021 14:50:54 ExtentLogUtilities.java DEBUG [main] stepDefinations.HomeAndLifeStyleStepDef 14 - Water Bottles is clicked in page Home Page
11-20-2021 14:51:03 ExtentLogUtilities.java DEBUG [main] stepDefinations.HomeAndLifeStyleStepDef 14 - Bigsmall Water Bottle is clicked in page result page
11-20-2021 14:51:07 ExtentLogUtilities.java DEBUG [main] stepDefinations.HomeAndLifeStyleStepDef 14 - quantity field is send in page cart page
11-20-2021 14:51:09 ExtentLogUtilities.java DEBUG [main] stepDefinations.HomeAndLifeStyleStepDef 14 - cart button is clicked in page cart page
11-20-2021 14:51:13 ExtentLogUtilities.java DEBUG [main] stepDefinations.HomeAndLifeStyleStepDef 14 - Close Button is clicked in page Cart Page
11-20-2021 14:51:20 ExtentLogUtilities.java DEBUG [main] stepDefinations.HomeAndLifeStyleStepDef 14 - Bigsmall pic is clicked in page cart page
11-20-2021 14:51:26 _Log4jLoggerFactory.java DEBUG [main] freemarker.cache 45 - Couldn't find template in cache for "Extent.ftl"("en_US", UTF-8, parsed); will try to load it.
11-20-2021 14:51:26 _Log4jLoggerFactory.java DEBUG [main] freemarker.cache 45 - TemplateLoader.findTemplateSource("Extent_en_US.ftl"): Not found
11-20-2021 14:51:26 _Log4jLoggerFactory.java DEBUG [main] freemarker.cache 45 - TemplateLoader.findTemplateSource("Extent_en.ftl"): Not found
11-20-2021 14:51:26 _Log4jLoggerFactory.java DEBUG [main] freemarker.cache 45 - TemplateLoader.findTemplateSource("Extent.ftl"): Found
11-20-2021 14:51:26 _Log4jLoggerFactory.java DEBUG [main] freemarker.cache 45 - Loading template for "Extent.ftl"("en_US", UTF-8, parsed) from "jar:file:/C:/Users/M1074035/.m2/repository/com/relevantcodes/extentreports/2.41.2/extentreports-2.41.2.jar!/com/relevantcodes/extentreports/view/Extent.ftl"
]]></system-out>
    <system-err><![CDATA[Starting ChromeDriver 96.0.4664.45 (76e4c1bb2ab4671b8beba3444e61c0f17584b2fc-refs/branch-heads/4664@{#947}) on port 42327
Only local connections are allowed.
Please see https://chromedriver.chromium.org/security-considerations for suggestions on keeping ChromeDriver safe.
ChromeDriver was started successfully.
Nov 20, 2021 2:50:38 PM org.openqa.selenium.remote.ProtocolHandshake createSession
INFO: Detected dialect: W3C
]]></system-err>
  </testcase>
  <testcase name="runScenario[&quot;Add HomeDecor Gift to Cart&quot;, &quot;Optional[HomeDecor Gift Automate]&quot;](6)" classname="com.mindtree.runner.BDDTestRunner" time="48.228">
    <system-out><![CDATA[Home decor
11-20-2021 14:51:42 ExtentLogUtilities.java DEBUG [main] stepDefinations.HomeDecorStepDef 14 - URL Opened
11-20-2021 14:51:48 ExtentLogUtilities.java DEBUG [main] stepDefinations.HomeDecorStepDef 14 - secretsanta button is clicked in page  Home page
11-20-2021 14:51:56 ExtentLogUtilities.java DEBUG [main] stepDefinations.HomeDecorStepDef 14 - 3D Jewellery Holder Palette is clicked in page result page
11-20-2021 14:52:00 ExtentLogUtilities.java DEBUG [main] stepDefinations.HomeDecorStepDef 14 - quantity field is send in page cart page
11-20-2021 14:52:00 ExtentLogUtilities.java DEBUG [main] stepDefinations.HomeDecorStepDef 14 - cart button is clicked in page cart page
11-20-2021 14:52:04 ExtentLogUtilities.java DEBUG [main] stepDefinations.HomeDecorStepDef 14 - Close Button is clicked in page Cart slider Page
11-20-2021 14:52:08 ExtentLogUtilities.java DEBUG [main] stepDefinations.HomeDecorStepDef 14 - Bigsmall pic is clicked in page cart page
11-20-2021 14:52:14 _Log4jLoggerFactory.java DEBUG [main] freemarker.cache 45 - Couldn't find template in cache for "Extent.ftl"("en_US", UTF-8, parsed); will try to load it.
11-20-2021 14:52:14 _Log4jLoggerFactory.java DEBUG [main] freemarker.cache 45 - TemplateLoader.findTemplateSource("Extent_en_US.ftl"): Not found
11-20-2021 14:52:14 _Log4jLoggerFactory.java DEBUG [main] freemarker.cache 45 - TemplateLoader.findTemplateSource("Extent_en.ftl"): Not found
11-20-2021 14:52:14 _Log4jLoggerFactory.java DEBUG [main] freemarker.cache 45 - TemplateLoader.findTemplateSource("Extent.ftl"): Found
11-20-2021 14:52:14 _Log4jLoggerFactory.java DEBUG [main] freemarker.cache 45 - Loading template for "Extent.ftl"("en_US", UTF-8, parsed) from "jar:file:/C:/Users/M1074035/.m2/repository/com/relevantcodes/extentreports/2.41.2/extentreports-2.41.2.jar!/com/relevantcodes/extentreports/view/Extent.ftl"
]]></system-out>
    <system-err><![CDATA[Starting ChromeDriver 96.0.4664.45 (76e4c1bb2ab4671b8beba3444e61c0f17584b2fc-refs/branch-heads/4664@{#947}) on port 20231
Only local connections are allowed.
Please see https://chromedriver.chromium.org/security-considerations for suggestions on keeping ChromeDriver safe.
ChromeDriver was started successfully.
Nov 20, 2021 2:51:30 PM org.openqa.selenium.remote.ProtocolHandshake createSession
INFO: Detected dialect: W3C
]]></system-err>
  </testcase>
  <testcase name="runScenario[&quot;Validating With valid UserName And Password&quot;, &quot;Optional[Log in Validation]&quot;](7)" classname="com.mindtree.runner.BDDTestRunner" time="37.475">
    <failure message="Logged in failed" type="com.mindtree.exceptions.PageObjectException"><![CDATA[com.mindtree.exceptions.PageObjectException: Logged in failed
]]></failure>
    <system-out><![CDATA[Home Decor
11-20-2021 14:52:29 ExtentLogUtilities.java DEBUG [main] stepDefinations.HomePageLoginStepDef 14 - URL Opened
11-20-2021 14:52:33 ExtentLogUtilities.java DEBUG [main] stepDefinations.HomePageLoginStepDef 14 - Log In Button is clicked in page Home Page
11-20-2021 14:52:39 ExtentLogUtilities.java DEBUG [main] stepDefinations.HomePageLoginStepDef 14 - Email field is send in page Account Log in
11-20-2021 14:52:39 ExtentLogUtilities.java DEBUG [main] stepDefinations.HomePageLoginStepDef 14 - password field is send in page Account Log in
11-20-2021 14:52:41 ExtentLogUtilities.java DEBUG [main] stepDefinations.HomePageLoginStepDef 14 - Log In Button is clicked in page Home Page
11-20-2021 14:52:47 ExtentLogUtilities.java ERROR [main] stepDefinations.HomePageLoginStepDef 21 - logged in failed
11-20-2021 14:52:51 ExtentLogUtilities.java DEBUG [main] stepDefinations.HomePageLoginStepDef 14 - Bigsmall pic is clicked in page cart page
11-20-2021 14:52:52 _Log4jLoggerFactory.java DEBUG [main] freemarker.cache 45 - Couldn't find template in cache for "Extent.ftl"("en_US", UTF-8, parsed); will try to load it.
11-20-2021 14:52:52 _Log4jLoggerFactory.java DEBUG [main] freemarker.cache 45 - TemplateLoader.findTemplateSource("Extent_en_US.ftl"): Not found
11-20-2021 14:52:52 _Log4jLoggerFactory.java DEBUG [main] freemarker.cache 45 - TemplateLoader.findTemplateSource("Extent_en.ftl"): Not found
11-20-2021 14:52:52 _Log4jLoggerFactory.java DEBUG [main] freemarker.cache 45 - TemplateLoader.findTemplateSource("Extent.ftl"): Found
11-20-2021 14:52:52 _Log4jLoggerFactory.java DEBUG [main] freemarker.cache 45 - Loading template for "Extent.ftl"("en_US", UTF-8, parsed) from "jar:file:/C:/Users/M1074035/.m2/repository/com/relevantcodes/extentreports/2.41.2/extentreports-2.41.2.jar!/com/relevantcodes/extentreports/view/Extent.ftl"
]]></system-out>
    <system-err><![CDATA[Starting ChromeDriver 96.0.4664.45 (76e4c1bb2ab4671b8beba3444e61c0f17584b2fc-refs/branch-heads/4664@{#947}) on port 13448
Only local connections are allowed.
Please see https://chromedriver.chromium.org/security-considerations for suggestions on keeping ChromeDriver safe.
ChromeDriver was started successfully.
Nov 20, 2021 2:52:18 PM org.openqa.selenium.remote.ProtocolHandshake createSession
INFO: Detected dialect: W3C
]]></system-err>
  </testcase>
  <testcase name="runScenario[&quot;Add Official Merchandise Gift to Cart&quot;, &quot;Optional[Official Merchandise DropDown Automate]&quot;](8)" classname="com.mindtree.runner.BDDTestRunner" time="41.954">
    <system-out><![CDATA[Officil Merchandise
11-20-2021 14:53:06 ExtentLogUtilities.java DEBUG [main] stepDefinations.OfficialMerchandiseStepDef 14 - URL Opened
Official Harry Potter Merchandise
Official Marvel Merchandise
Official DC Merchandise
11-20-2021 14:53:12 ExtentLogUtilities.java DEBUG [main] stepDefinations.OfficialMerchandiseStepDef 14 - Official DC Merchandise is clicked in page Home Page
11-20-2021 14:53:24 ExtentLogUtilities.java DEBUG [main] stepDefinations.OfficialMerchandiseStepDef 14 - Bat Signal LED Lamp - Batman is clicked in page result page
11-20-2021 14:53:28 ExtentLogUtilities.java DEBUG [main] stepDefinations.OfficialMerchandiseStepDef 14 - quantity field is send in page cart page
11-20-2021 14:53:30 ExtentLogUtilities.java DEBUG [main] stepDefinations.OfficialMerchandiseStepDef 14 - cart button is clicked in page cart page
11-20-2021 14:53:34 _Log4jLoggerFactory.java DEBUG [main] freemarker.cache 45 - Couldn't find template in cache for "Extent.ftl"("en_US", UTF-8, parsed); will try to load it.
11-20-2021 14:53:34 _Log4jLoggerFactory.java DEBUG [main] freemarker.cache 45 - TemplateLoader.findTemplateSource("Extent_en_US.ftl"): Not found
11-20-2021 14:53:34 _Log4jLoggerFactory.java DEBUG [main] freemarker.cache 45 - TemplateLoader.findTemplateSource("Extent_en.ftl"): Not found
11-20-2021 14:53:34 _Log4jLoggerFactory.java DEBUG [main] freemarker.cache 45 - TemplateLoader.findTemplateSource("Extent.ftl"): Found
11-20-2021 14:53:34 _Log4jLoggerFactory.java DEBUG [main] freemarker.cache 45 - Loading template for "Extent.ftl"("en_US", UTF-8, parsed) from "jar:file:/C:/Users/M1074035/.m2/repository/com/relevantcodes/extentreports/2.41.2/extentreports-2.41.2.jar!/com/relevantcodes/extentreports/view/Extent.ftl"
]]></system-out>
    <system-err><![CDATA[Starting ChromeDriver 96.0.4664.45 (76e4c1bb2ab4671b8beba3444e61c0f17584b2fc-refs/branch-heads/4664@{#947}) on port 3486
Only local connections are allowed.
Please see https://chromedriver.chromium.org/security-considerations for suggestions on keeping ChromeDriver safe.
ChromeDriver was started successfully.
Nov 20, 2021 2:52:56 PM org.openqa.selenium.remote.ProtocolHandshake createSession
INFO: Detected dialect: W3C
]]></system-err>
  </testcase>
  <testcase name="runScenario[&quot;Add Personalized Gift to Cart&quot;, &quot;Optional[Personalized Gift Automate]&quot;](9)" classname="com.mindtree.runner.BDDTestRunner" time="92.455">
    <system-out><![CDATA[Personalized gifts
11-20-2021 14:53:48 ExtentLogUtilities.java DEBUG [main] stepDefinations.PersonalizedGiftStepDef 14 - URL Opened
11-20-2021 14:53:53 ExtentLogUtilities.java DEBUG [main] stepDefinations.PersonalizedGiftStepDef 14 - personalized button is clicked in page  Home page
11-20-2021 14:54:46 ExtentLogUtilities.java DEBUG [main] stepDefinations.PersonalizedGiftStepDef 14 - Personalized Metallic Keychain I COD Not Available is clicked in page result page
11-20-2021 14:54:50 ExtentLogUtilities.java DEBUG [main] stepDefinations.PersonalizedGiftStepDef 14 - quantity field is send in page cart page
11-20-2021 14:54:51 ExtentLogUtilities.java DEBUG [main] stepDefinations.PersonalizedGiftStepDef 14 - name Field is send in page Cart Page
11-20-2021 14:54:52 ExtentLogUtilities.java DEBUG [main] stepDefinations.PersonalizedGiftStepDef 14 - cart button is clicked in page cart page
11-20-2021 14:55:00 ExtentLogUtilities.java DEBUG [main] stepDefinations.PersonalizedGiftStepDef 14 - Bigsmall pic is clicked in page cart page
11-20-2021 14:55:06 _Log4jLoggerFactory.java DEBUG [main] freemarker.cache 45 - Couldn't find template in cache for "Extent.ftl"("en_US", UTF-8, parsed); will try to load it.
11-20-2021 14:55:06 _Log4jLoggerFactory.java DEBUG [main] freemarker.cache 45 - TemplateLoader.findTemplateSource("Extent_en_US.ftl"): Not found
11-20-2021 14:55:06 _Log4jLoggerFactory.java DEBUG [main] freemarker.cache 45 - TemplateLoader.findTemplateSource("Extent_en.ftl"): Not found
11-20-2021 14:55:06 _Log4jLoggerFactory.java DEBUG [main] freemarker.cache 45 - TemplateLoader.findTemplateSource("Extent.ftl"): Found
11-20-2021 14:55:06 _Log4jLoggerFactory.java DEBUG [main] freemarker.cache 45 - Loading template for "Extent.ftl"("en_US", UTF-8, parsed) from "jar:file:/C:/Users/M1074035/.m2/repository/com/relevantcodes/extentreports/2.41.2/extentreports-2.41.2.jar!/com/relevantcodes/extentreports/view/Extent.ftl"
]]></system-out>
    <system-err><![CDATA[Starting ChromeDriver 96.0.4664.45 (76e4c1bb2ab4671b8beba3444e61c0f17584b2fc-refs/branch-heads/4664@{#947}) on port 19988
Only local connections are allowed.
Please see https://chromedriver.chromium.org/security-considerations for suggestions on keeping ChromeDriver safe.
ChromeDriver was started successfully.
Nov 20, 2021 2:53:38 PM org.openqa.selenium.remote.ProtocolHandshake createSession
INFO: Detected dialect: W3C
]]></system-err>
  </testcase>
  <testcase name="runScenario[&quot;Add Shop By Catagory Gift to Cart&quot;, &quot;Optional[Shop By Catagory DropDown Automate]&quot;](10)" classname="com.mindtree.runner.BDDTestRunner" time="43.744">
    <system-out><![CDATA[Shop By Catagory
11-20-2021 14:55:20 ExtentLogUtilities.java DEBUG [main] stepDefinations.ShopByCatagoryStepDef 14 - URL Opened
Shop by Person











Face Masks
Bobbleheads & Action Figures
Keychains
Lapel Pins & Brooches
3D Mugs
11-20-2021 14:55:28 ExtentLogUtilities.java DEBUG [main] stepDefinations.ShopByCatagoryStepDef 14 - 3D Mugs is clicked in page Home Page
11-20-2021 14:55:36 ExtentLogUtilities.java DEBUG [main] stepDefinations.ShopByCatagoryStepDef 14 - Golf Coffee Mug is clicked in page result page
11-20-2021 14:55:40 ExtentLogUtilities.java DEBUG [main] stepDefinations.ShopByCatagoryStepDef 14 - quantity field is send in page cart page
11-20-2021 14:55:44 ExtentLogUtilities.java DEBUG [main] stepDefinations.ShopByCatagoryStepDef 14 - Bigsmall pic is clicked in page cart page
11-20-2021 14:55:50 _Log4jLoggerFactory.java DEBUG [main] freemarker.cache 45 - Couldn't find template in cache for "Extent.ftl"("en_US", UTF-8, parsed); will try to load it.
11-20-2021 14:55:50 _Log4jLoggerFactory.java DEBUG [main] freemarker.cache 45 - TemplateLoader.findTemplateSource("Extent_en_US.ftl"): Not found
11-20-2021 14:55:50 _Log4jLoggerFactory.java DEBUG [main] freemarker.cache 45 - TemplateLoader.findTemplateSource("Extent_en.ftl"): Not found
11-20-2021 14:55:50 _Log4jLoggerFactory.java DEBUG [main] freemarker.cache 45 - TemplateLoader.findTemplateSource("Extent.ftl"): Found
11-20-2021 14:55:50 _Log4jLoggerFactory.java DEBUG [main] freemarker.cache 45 - Loading template for "Extent.ftl"("en_US", UTF-8, parsed) from "jar:file:/C:/Users/M1074035/.m2/repository/com/relevantcodes/extentreports/2.41.2/extentreports-2.41.2.jar!/com/relevantcodes/extentreports/view/Extent.ftl"
]]></system-out>
    <system-err><![CDATA[Starting ChromeDriver 96.0.4664.45 (76e4c1bb2ab4671b8beba3444e61c0f17584b2fc-refs/branch-heads/4664@{#947}) on port 48315
Only local connections are allowed.
Please see https://chromedriver.chromium.org/security-considerations for suggestions on keeping ChromeDriver safe.
ChromeDriver was started successfully.
Nov 20, 2021 2:55:10 PM org.openqa.selenium.remote.ProtocolHandshake createSession
INFO: Detected dialect: W3C
]]></system-err>
  </testcase>
  <testcase name="runScenario[&quot;Add WhatsNew Gift to Cart&quot;, &quot;Optional[WhatsNew Gift Automate]&quot;](11)" classname="com.mindtree.runner.BDDTestRunner" time="50.818">
    <system-out><![CDATA[What's New gift
11-20-2021 14:56:04 ExtentLogUtilities.java DEBUG [main] stepDefinations.WhatsNewStepDef 14 - URL Opened
11-20-2021 14:56:09 ExtentLogUtilities.java DEBUG [main] stepDefinations.WhatsNewStepDef 14 - whatsNew button is clicked in page  Home page
11-20-2021 14:56:19 ExtentLogUtilities.java DEBUG [main] stepDefinations.WhatsNewStepDef 14 - Dice Keeper 3D Puzzle is clicked in page result page
11-20-2021 14:56:24 ExtentLogUtilities.java DEBUG [main] stepDefinations.WhatsNewStepDef 14 - quantity field is send in page cart page
11-20-2021 14:56:25 ExtentLogUtilities.java DEBUG [main] stepDefinations.WhatsNewStepDef 14 - cart button is clicked in page cart page
11-20-2021 14:56:29 ExtentLogUtilities.java DEBUG [main] stepDefinations.WhatsNewStepDef 14 - Close Button is clicked in page Cart slider Page
11-20-2021 14:56:35 ExtentLogUtilities.java DEBUG [main] stepDefinations.WhatsNewStepDef 14 - Bigsmall pic is clicked in page cart page
11-20-2021 14:56:40 _Log4jLoggerFactory.java DEBUG [main] freemarker.cache 45 - Couldn't find template in cache for "Extent.ftl"("en_US", UTF-8, parsed); will try to load it.
11-20-2021 14:56:40 _Log4jLoggerFactory.java DEBUG [main] freemarker.cache 45 - TemplateLoader.findTemplateSource("Extent_en_US.ftl"): Not found
11-20-2021 14:56:40 _Log4jLoggerFactory.java DEBUG [main] freemarker.cache 45 - TemplateLoader.findTemplateSource("Extent_en.ftl"): Not found
11-20-2021 14:56:40 _Log4jLoggerFactory.java DEBUG [main] freemarker.cache 45 - TemplateLoader.findTemplateSource("Extent.ftl"): Found
11-20-2021 14:56:40 _Log4jLoggerFactory.java DEBUG [main] freemarker.cache 45 - Loading template for "Extent.ftl"("en_US", UTF-8, parsed) from "jar:file:/C:/Users/M1074035/.m2/repository/com/relevantcodes/extentreports/2.41.2/extentreports-2.41.2.jar!/com/relevantcodes/extentreports/view/Extent.ftl"
]]></system-out>
    <system-err><![CDATA[Starting ChromeDriver 96.0.4664.45 (76e4c1bb2ab4671b8beba3444e61c0f17584b2fc-refs/branch-heads/4664@{#947}) on port 42221
Only local connections are allowed.
Please see https://chromedriver.chromium.org/security-considerations for suggestions on keeping ChromeDriver safe.
ChromeDriver was started successfully.
Nov 20, 2021 2:55:54 PM org.openqa.selenium.remote.ProtocolHandshake createSession
INFO: Detected dialect: W3C
]]></system-err>
  </testcase>
</testsuite>