<?xml version="1.0" encoding="UTF-8"?>
<testng-results ignored="0" total="11" passed="10" failed="1" skipped="0">
  <reporter-output>
  </reporter-output>
  <suite started-at="2021-11-20T14:47:43 IST" name="Suite" finished-at="2021-11-20T14:56:42 IST" duration-ms="539056">
    <groups>
      <group name="cucumber">
        <method signature="AbstractTestNGCucumberTests.runScenario(io.cucumber.testng.PickleWrapper, io.cucumber.testng.FeatureWrapper)[pri:0, instance:com.mindtree.runner.BDDTestRunner@157853da]" name="runScenario" class="io.cucumber.testng.AbstractTestNGCucumberTests"/>
      </group> <!-- cucumber -->
    </groups>
    <test started-at="2021-11-20T14:47:43 IST" name="Test" finished-at="2021-11-20T14:56:42 IST" duration-ms="539056">
      <class name="com.mindtree.runner.BDDTestRunner">
        <test-method is-config="true" signature="setUpClass(org.testng.ITestContext)[pri:0, instance:com.mindtree.runner.BDDTestRunner@157853da]" started-at="2021-11-20T14:47:43 IST" name="setUpClass" finished-at="2021-11-20T14:47:44 IST" duration-ms="874" status="PASS">
          <params>
            <param index="0">
              <value>
                <![CDATA[org.testng.TestRunner@5e67a490]]>
              </value>
            </param>
          </params>
          <reporter-output>
          </reporter-output>
        </test-method> <!-- setUpClass -->
        <test-method signature="runScenario(io.cucumber.testng.PickleWrapper, io.cucumber.testng.FeatureWrapper)[pri:0, instance:com.mindtree.runner.BDDTestRunner@157853da]" started-at="2021-11-20T14:47:44 IST" name="runScenario" description="Runs Cucumber Scenarios" data-provider="scenarios" finished-at="2021-11-20T14:48:35 IST" duration-ms="51321" status="PASS">
          <params>
            <param index="0">
              <value>
                <![CDATA["Add  All of it  Gift to Cart"]]>
              </value>
            </param>
            <param index="1">
              <value>
                <![CDATA["Optional[All of it Gift Automate]"]]>
              </value>
            </param>
          </params>
          <reporter-output>
          </reporter-output>
        </test-method> <!-- runScenario -->
        <test-method signature="runScenario(io.cucumber.testng.PickleWrapper, io.cucumber.testng.FeatureWrapper)[pri:0, instance:com.mindtree.runner.BDDTestRunner@157853da]" started-at="2021-11-20T14:48:35 IST" name="runScenario" description="Runs Cucumber Scenarios" data-provider="scenarios" finished-at="2021-11-20T14:49:25 IST" duration-ms="49926" status="PASS">
          <params>
            <param index="0">
              <value>
                <![CDATA["Add Birthday gifts Gift to Cart"]]>
              </value>
            </param>
            <param index="1">
              <value>
                <![CDATA["Optional[Birthday gifts DropDown Automate]"]]>
              </value>
            </param>
          </params>
          <reporter-output>
          </reporter-output>
        </test-method> <!-- runScenario -->
        <test-method signature="runScenario(io.cucumber.testng.PickleWrapper, io.cucumber.testng.FeatureWrapper)[pri:0, instance:com.mindtree.runner.BDDTestRunner@157853da]" started-at="2021-11-20T14:49:25 IST" name="runScenario" description="Runs Cucumber Scenarios" data-provider="scenarios" finished-at="2021-11-20T14:49:57 IST" duration-ms="31516" status="PASS">
          <params>
            <param index="0">
              <value>
                <![CDATA["Add Corporate Gift to Cart"]]>
              </value>
            </param>
            <param index="1">
              <value>
                <![CDATA["Optional[Corporate Gift Automate]"]]>
              </value>
            </param>
          </params>
          <reporter-output>
          </reporter-output>
        </test-method> <!-- runScenario -->
        <test-method signature="runScenario(io.cucumber.testng.PickleWrapper, io.cucumber.testng.FeatureWrapper)[pri:0, instance:com.mindtree.runner.BDDTestRunner@157853da]" started-at="2021-11-20T14:49:57 IST" name="runScenario" description="Runs Cucumber Scenarios" data-provider="scenarios" finished-at="2021-11-20T14:50:35 IST" duration-ms="38540" status="PASS">
          <params>
            <param index="0">
              <value>
                <![CDATA["Add Gift to Cart"]]>
              </value>
            </param>
            <param index="1">
              <value>
                <![CDATA["Optional[Gift DropDown Automate]"]]>
              </value>
            </param>
          </params>
          <reporter-output>
          </reporter-output>
        </test-method> <!-- runScenario -->
        <test-method signature="runScenario(io.cucumber.testng.PickleWrapper, io.cucumber.testng.FeatureWrapper)[pri:0, instance:com.mindtree.runner.BDDTestRunner@157853da]" started-at="2021-11-20T14:50:35 IST" name="runScenario" description="Runs Cucumber Scenarios" data-provider="scenarios" finished-at="2021-11-20T14:51:28 IST" duration-ms="52153" status="PASS">
          <params>
            <param index="0">
              <value>
                <![CDATA["Add Birthday gifts Gift to Cart"]]>
              </value>
            </param>
            <param index="1">
              <value>
                <![CDATA["Optional[Home And Lifestyle DropDown Automate]"]]>
              </value>
            </param>
          </params>
          <reporter-output>
          </reporter-output>
        </test-method> <!-- runScenario -->
        <test-method signature="runScenario(io.cucumber.testng.PickleWrapper, io.cucumber.testng.FeatureWrapper)[pri:0, instance:com.mindtree.runner.BDDTestRunner@157853da]" started-at="2021-11-20T14:51:28 IST" name="runScenario" description="Runs Cucumber Scenarios" data-provider="scenarios" finished-at="2021-11-20T14:52:16 IST" duration-ms="48216" status="PASS">
          <params>
            <param index="0">
              <value>
                <![CDATA["Add HomeDecor Gift to Cart"]]>
              </value>
            </param>
            <param index="1">
              <value>
                <![CDATA["Optional[HomeDecor Gift Automate]"]]>
              </value>
            </param>
          </params>
          <reporter-output>
          </reporter-output>
        </test-method> <!-- runScenario -->
        <test-method signature="runScenario(io.cucumber.testng.PickleWrapper, io.cucumber.testng.FeatureWrapper)[pri:0, instance:com.mindtree.runner.BDDTestRunner@157853da]" started-at="2021-11-20T14:52:16 IST" name="runScenario" description="Runs Cucumber Scenarios" data-provider="scenarios" finished-at="2021-11-20T14:52:53 IST" duration-ms="37478" status="FAIL">
          <params>
            <param index="0">
              <value>
                <![CDATA["Validating With valid UserName And Password"]]>
              </value>
            </param>
            <param index="1">
              <value>
                <![CDATA["Optional[Log in Validation]"]]>
              </value>
            </param>
          </params>
          <exception class="com.mindtree.exceptions.PageObjectException">
            <message>
              <![CDATA[Logged in failed]]>
            </message>
            <full-stacktrace>
              <![CDATA[com.mindtree.exceptions.PageObjectException: Logged in failed
at com.mindtree.pageObject.HomePageLogIn.validate(HomePageLogIn.java:72)
at com.mindtree.stepDefinations.HomePageLoginStepDef.user_will_redirect_to_my_account_page(HomePageLoginStepDef.java:55)
at ✽.user will redirect to my account page(file:///D:/eclipse-workspace/ComprehensiveBDD/features/HomePageLogin.feature:8)
]]>
            </full-stacktrace>
          </exception> <!-- com.mindtree.exceptions.PageObjectException -->
          <reporter-output>
          </reporter-output>
        </test-method> <!-- runScenario -->
        <test-method signature="runScenario(io.cucumber.testng.PickleWrapper, io.cucumber.testng.FeatureWrapper)[pri:0, instance:com.mindtree.runner.BDDTestRunner@157853da]" started-at="2021-11-20T14:52:53 IST" name="runScenario" description="Runs Cucumber Scenarios" data-provider="scenarios" finished-at="2021-11-20T14:53:35 IST" duration-ms="41958" status="PASS">
          <params>
            <param index="0">
              <value>
                <![CDATA["Add Official Merchandise Gift to Cart"]]>
              </value>
            </param>
            <param index="1">
              <value>
                <![CDATA["Optional[Official Merchandise DropDown Automate]"]]>
              </value>
            </param>
          </params>
          <reporter-output>
          </reporter-output>
        </test-method> <!-- runScenario -->
        <test-method signature="runScenario(io.cucumber.testng.PickleWrapper, io.cucumber.testng.FeatureWrapper)[pri:0, instance:com.mindtree.runner.BDDTestRunner@157853da]" started-at="2021-11-20T14:53:35 IST" name="runScenario" description="Runs Cucumber Scenarios" data-provider="scenarios" finished-at="2021-11-20T14:55:08 IST" duration-ms="92457" status="PASS">
          <params>
            <param index="0">
              <value>
                <![CDATA["Add Personalized Gift to Cart"]]>
              </value>
            </param>
            <param index="1">
              <value>
                <![CDATA["Optional[Personalized Gift Automate]"]]>
              </value>
            </param>
          </params>
          <reporter-output>
          </reporter-output>
        </test-method> <!-- runScenario -->
        <test-method signature="runScenario(io.cucumber.testng.PickleWrapper, io.cucumber.testng.FeatureWrapper)[pri:0, instance:com.mindtree.runner.BDDTestRunner@157853da]" started-at="2021-11-20T14:55:08 IST" name="runScenario" description="Runs Cucumber Scenarios" data-provider="scenarios" finished-at="2021-11-20T14:55:51 IST" duration-ms="43742" status="PASS">
          <params>
            <param index="0">
              <value>
                <![CDATA["Add Shop By Catagory Gift to Cart"]]>
              </value>
            </param>
            <param index="1">
              <value>
                <![CDATA["Optional[Shop By Catagory DropDown Automate]"]]>
              </value>
            </param>
          </params>
          <reporter-output>
          </reporter-output>
        </test-method> <!-- runScenario -->
        <test-method signature="runScenario(io.cucumber.testng.PickleWrapper, io.cucumber.testng.FeatureWrapper)[pri:0, instance:com.mindtree.runner.BDDTestRunner@157853da]" started-at="2021-11-20T14:55:51 IST" name="runScenario" description="Runs Cucumber Scenarios" data-provider="scenarios" finished-at="2021-11-20T14:56:42 IST" duration-ms="50817" status="PASS">
          <params>
            <param index="0">
              <value>
                <![CDATA["Add WhatsNew Gift to Cart"]]>
              </value>
            </param>
            <param index="1">
              <value>
                <![CDATA["Optional[WhatsNew Gift Automate]"]]>
              </value>
            </param>
          </params>
          <reporter-output>
          </reporter-output>
        </test-method> <!-- runScenario -->
        <test-method is-config="true" signature="tearDownClass()[pri:0, instance:com.mindtree.runner.BDDTestRunner@157853da]" started-at="2021-11-20T14:56:42 IST" name="tearDownClass" finished-at="2021-11-20T14:56:42 IST" duration-ms="5" status="PASS">
          <reporter-output>
          </reporter-output>
        </test-method> <!-- tearDownClass -->
      </class> <!-- com.mindtree.runner.BDDTestRunner -->
    </test> <!-- Test -->
  </suite> <!-- Suite -->
</testng-results>
