<?xml version="1.0" encoding="UTF-8"?>
<testng-results ignored="0" total="11" passed="10" failed="1" skipped="0">
  <reporter-output>
  </reporter-output>
  <suite started-at="2021-11-22T13:52:17 GMT+05:30" name="Default suite" finished-at="2021-11-22T14:00:30 GMT+05:30" duration-ms="492143">
    <groups>
      <group name="cucumber">
        <method signature="AbstractTestNGCucumberTests.runScenario(io.cucumber.testng.PickleWrapper, io.cucumber.testng.FeatureWrapper)[pri:0, instance:com.mindtree.runner.BDDTestRunner@2177849e]" name="runScenario" class="io.cucumber.testng.AbstractTestNGCucumberTests"/>
      </group> <!-- cucumber -->
    </groups>
    <test started-at="2021-11-22T13:52:17 GMT+05:30" name="Default test" finished-at="2021-11-22T14:00:30 GMT+05:30" duration-ms="492143">
      <class name="com.mindtree.runner.BDDTestRunner">
        <test-method is-config="true" signature="setUpClass(org.testng.ITestContext)[pri:0, instance:com.mindtree.runner.BDDTestRunner@2177849e]" started-at="2021-11-22T13:52:17 GMT+05:30" name="setUpClass" finished-at="2021-11-22T13:52:19 GMT+05:30" duration-ms="1105" status="PASS">
          <params>
            <param index="0">
              <value>
                <![CDATA[org.testng.TestRunner@7308c820]]>
              </value>
            </param>
          </params>
          <reporter-output>
          </reporter-output>
        </test-method> <!-- setUpClass -->
        <test-method signature="runScenario(io.cucumber.testng.PickleWrapper, io.cucumber.testng.FeatureWrapper)[pri:0, instance:com.mindtree.runner.BDDTestRunner@2177849e]" started-at="2021-11-22T13:52:19 GMT+05:30" name="runScenario" description="Runs Cucumber Scenarios" data-provider="scenarios" finished-at="2021-11-22T13:53:42 GMT+05:30" duration-ms="83353" status="PASS">
          <params>
            <param index="0">
              <value>
                <![CDATA["Add  All of it  Gift to Cart"]]>
              </value>
            </param>
            <param index="1">
              <value>
                <![CDATA["Optional[All of it Gift Automate]"]]>
              </value>
            </param>
          </params>
          <reporter-output>
          </reporter-output>
        </test-method> <!-- runScenario -->
        <test-method signature="runScenario(io.cucumber.testng.PickleWrapper, io.cucumber.testng.FeatureWrapper)[pri:0, instance:com.mindtree.runner.BDDTestRunner@2177849e]" started-at="2021-11-22T13:53:42 GMT+05:30" name="runScenario" description="Runs Cucumber Scenarios" data-provider="scenarios" finished-at="2021-11-22T13:54:21 GMT+05:30" duration-ms="39552" status="PASS">
          <params>
            <param index="0">
              <value>
                <![CDATA["Add Birthday gifts Gift to Cart"]]>
              </value>
            </param>
            <param index="1">
              <value>
                <![CDATA["Optional[Birthday gifts DropDown Automate]"]]>
              </value>
            </param>
          </params>
          <reporter-output>
          </reporter-output>
        </test-method> <!-- runScenario -->
        <test-method signature="runScenario(io.cucumber.testng.PickleWrapper, io.cucumber.testng.FeatureWrapper)[pri:0, instance:com.mindtree.runner.BDDTestRunner@2177849e]" started-at="2021-11-22T13:54:21 GMT+05:30" name="runScenario" description="Runs Cucumber Scenarios" data-provider="scenarios" finished-at="2021-11-22T13:54:44 GMT+05:30" duration-ms="22251" status="PASS">
          <params>
            <param index="0">
              <value>
                <![CDATA["Add Corporate Gift to Cart"]]>
              </value>
            </param>
            <param index="1">
              <value>
                <![CDATA["Optional[Corporate Gift Automate]"]]>
              </value>
            </param>
          </params>
          <reporter-output>
          </reporter-output>
        </test-method> <!-- runScenario -->
        <test-method signature="runScenario(io.cucumber.testng.PickleWrapper, io.cucumber.testng.FeatureWrapper)[pri:0, instance:com.mindtree.runner.BDDTestRunner@2177849e]" started-at="2021-11-22T13:54:44 GMT+05:30" name="runScenario" description="Runs Cucumber Scenarios" data-provider="scenarios" finished-at="2021-11-22T13:55:13 GMT+05:30" duration-ms="28940" status="PASS">
          <params>
            <param index="0">
              <value>
                <![CDATA["Add Gift to Cart"]]>
              </value>
            </param>
            <param index="1">
              <value>
                <![CDATA["Optional[Gift DropDown Automate]"]]>
              </value>
            </param>
          </params>
          <reporter-output>
          </reporter-output>
        </test-method> <!-- runScenario -->
        <test-method signature="runScenario(io.cucumber.testng.PickleWrapper, io.cucumber.testng.FeatureWrapper)[pri:0, instance:com.mindtree.runner.BDDTestRunner@2177849e]" started-at="2021-11-22T13:55:13 GMT+05:30" name="runScenario" description="Runs Cucumber Scenarios" data-provider="scenarios" finished-at="2021-11-22T13:55:50 GMT+05:30" duration-ms="37222" status="PASS">
          <params>
            <param index="0">
              <value>
                <![CDATA["Add Birthday gifts Gift to Cart"]]>
              </value>
            </param>
            <param index="1">
              <value>
                <![CDATA["Optional[Home And Lifestyle DropDown Automate]"]]>
              </value>
            </param>
          </params>
          <reporter-output>
          </reporter-output>
        </test-method> <!-- runScenario -->
        <test-method signature="runScenario(io.cucumber.testng.PickleWrapper, io.cucumber.testng.FeatureWrapper)[pri:0, instance:com.mindtree.runner.BDDTestRunner@2177849e]" started-at="2021-11-22T13:55:50 GMT+05:30" name="runScenario" description="Runs Cucumber Scenarios" data-provider="scenarios" finished-at="2021-11-22T13:56:30 GMT+05:30" duration-ms="39776" status="PASS">
          <params>
            <param index="0">
              <value>
                <![CDATA["Add HomeDecor Gift to Cart"]]>
              </value>
            </param>
            <param index="1">
              <value>
                <![CDATA["Optional[HomeDecor Gift Automate]"]]>
              </value>
            </param>
          </params>
          <reporter-output>
          </reporter-output>
        </test-method> <!-- runScenario -->
        <test-method signature="runScenario(io.cucumber.testng.PickleWrapper, io.cucumber.testng.FeatureWrapper)[pri:0, instance:com.mindtree.runner.BDDTestRunner@2177849e]" started-at="2021-11-22T13:56:30 GMT+05:30" name="runScenario" description="Runs Cucumber Scenarios" data-provider="scenarios" finished-at="2021-11-22T13:56:58 GMT+05:30" duration-ms="28562" status="FAIL">
          <params>
            <param index="0">
              <value>
                <![CDATA["Validating With valid UserName And Password"]]>
              </value>
            </param>
            <param index="1">
              <value>
                <![CDATA["Optional[Log in Validation]"]]>
              </value>
            </param>
          </params>
          <exception class="com.mindtree.exceptions.PageObjectException">
            <message>
              <![CDATA[Logged in failed]]>
            </message>
            <full-stacktrace>
              <![CDATA[com.mindtree.exceptions.PageObjectException: Logged in failed
at com.mindtree.pageObject.HomePageLogIn.validate(HomePageLogIn.java:72)
at com.mindtree.stepDefinations.HomePageLoginStepDef.user_will_redirect_to_my_account_page(HomePageLoginStepDef.java:55)
at ✽.user will redirect to my account page(file:///C:/Users/aravind/Desktop/compppp/ComprehensiveBDD/features/HomePageLogin.feature:8)
]]>
            </full-stacktrace>
          </exception> <!-- com.mindtree.exceptions.PageObjectException -->
          <reporter-output>
          </reporter-output>
        </test-method> <!-- runScenario -->
        <test-method signature="runScenario(io.cucumber.testng.PickleWrapper, io.cucumber.testng.FeatureWrapper)[pri:0, instance:com.mindtree.runner.BDDTestRunner@2177849e]" started-at="2021-11-22T13:56:58 GMT+05:30" name="runScenario" description="Runs Cucumber Scenarios" data-provider="scenarios" finished-at="2021-11-22T13:57:31 GMT+05:30" duration-ms="33252" status="PASS">
          <params>
            <param index="0">
              <value>
                <![CDATA["Add Official Merchandise Gift to Cart"]]>
              </value>
            </param>
            <param index="1">
              <value>
                <![CDATA["Optional[Official Merchandise DropDown Automate]"]]>
              </value>
            </param>
          </params>
          <reporter-output>
          </reporter-output>
        </test-method> <!-- runScenario -->
        <test-method signature="runScenario(io.cucumber.testng.PickleWrapper, io.cucumber.testng.FeatureWrapper)[pri:0, instance:com.mindtree.runner.BDDTestRunner@2177849e]" started-at="2021-11-22T13:57:31 GMT+05:30" name="runScenario" description="Runs Cucumber Scenarios" data-provider="scenarios" finished-at="2021-11-22T13:58:21 GMT+05:30" duration-ms="49143" status="PASS">
          <params>
            <param index="0">
              <value>
                <![CDATA["Add Personalized Gift to Cart"]]>
              </value>
            </param>
            <param index="1">
              <value>
                <![CDATA["Optional[Personalized Gift Automate]"]]>
              </value>
            </param>
          </params>
          <reporter-output>
          </reporter-output>
        </test-method> <!-- runScenario -->
        <test-method signature="runScenario(io.cucumber.testng.PickleWrapper, io.cucumber.testng.FeatureWrapper)[pri:0, instance:com.mindtree.runner.BDDTestRunner@2177849e]" started-at="2021-11-22T13:58:21 GMT+05:30" name="runScenario" description="Runs Cucumber Scenarios" data-provider="scenarios" finished-at="2021-11-22T13:58:56 GMT+05:30" duration-ms="35655" status="PASS">
          <params>
            <param index="0">
              <value>
                <![CDATA["Add Shop By Catagory Gift to Cart"]]>
              </value>
            </param>
            <param index="1">
              <value>
                <![CDATA["Optional[Shop By Catagory DropDown Automate]"]]>
              </value>
            </param>
          </params>
          <reporter-output>
          </reporter-output>
        </test-method> <!-- runScenario -->
        <test-method signature="runScenario(io.cucumber.testng.PickleWrapper, io.cucumber.testng.FeatureWrapper)[pri:0, instance:com.mindtree.runner.BDDTestRunner@2177849e]" started-at="2021-11-22T13:58:56 GMT+05:30" name="runScenario" description="Runs Cucumber Scenarios" data-provider="scenarios" finished-at="2021-11-22T14:00:30 GMT+05:30" duration-ms="93264" status="PASS">
          <params>
            <param index="0">
              <value>
                <![CDATA["Add WhatsNew Gift to Cart"]]>
              </value>
            </param>
            <param index="1">
              <value>
                <![CDATA["Optional[WhatsNew Gift Automate]"]]>
              </value>
            </param>
          </params>
          <reporter-output>
          </reporter-output>
        </test-method> <!-- runScenario -->
        <test-method is-config="true" signature="tearDownClass()[pri:0, instance:com.mindtree.runner.BDDTestRunner@2177849e]" started-at="2021-11-22T14:00:30 GMT+05:30" name="tearDownClass" finished-at="2021-11-22T14:00:30 GMT+05:30" duration-ms="5" status="PASS">
          <reporter-output>
          </reporter-output>
        </test-method> <!-- tearDownClass -->
      </class> <!-- com.mindtree.runner.BDDTestRunner -->
    </test> <!-- Default test -->
  </suite> <!-- Default suite -->
</testng-results>
