<?xml version="1.0" encoding="UTF-8"?>
<!-- Generated by org.testng.reporters.JUnitReportReporter -->
<testsuite hostname="LAPTOP-FBP5ETGI" failures="0" tests="11" name="com.mindtree.runner.BDDTestRunner" time="490.970" errors="1" timestamp="2021-11-22T14:00:30 GMT+05:30" skipped="0">
  <testcase classname="com.mindtree.runner.BDDTestRunner" name="runScenario" time="35.655"/>
  <testcase classname="com.mindtree.runner.BDDTestRunner" name="runScenario" time="39.552"/>
  <testcase classname="com.mindtree.runner.BDDTestRunner" name="runScenario" time="28.562">
    <error message="Logged in failed" type="com.mindtree.exceptions.PageObjectException">
      <![CDATA[com.mindtree.exceptions.PageObjectException: Logged in failed
at com.mindtree.pageObject.HomePageLogIn.validate(HomePageLogIn.java:72)
at com.mindtree.stepDefinations.HomePageLoginStepDef.user_will_redirect_to_my_account_page(HomePageLoginStepDef.java:55)
at ✽.user will redirect to my account page(file:///C:/Users/aravind/Desktop/compppp/ComprehensiveBDD/features/HomePageLogin.feature:8)
]]>
    </error>
  </testcase> <!-- runScenario -->
  <testcase classname="com.mindtree.runner.BDDTestRunner" name="runScenario" time="83.353"/>
  <testcase classname="com.mindtree.runner.BDDTestRunner" name="runScenario" time="33.252"/>
  <testcase classname="com.mindtree.runner.BDDTestRunner" name="runScenario" time="93.264"/>
  <testcase classname="com.mindtree.runner.BDDTestRunner" name="runScenario" time="37.222"/>
  <testcase classname="com.mindtree.runner.BDDTestRunner" name="runScenario" time="49.143"/>
  <testcase classname="com.mindtree.runner.BDDTestRunner" name="runScenario" time="22.251"/>
  <testcase classname="com.mindtree.runner.BDDTestRunner" name="runScenario" time="28.940"/>
  <testcase classname="com.mindtree.runner.BDDTestRunner" name="runScenario" time="39.776"/>
</testsuite> <!-- com.mindtree.runner.BDDTestRunner -->
