<?xml version="1.0" encoding="UTF-8"?>
<!-- Generated by org.testng.reporters.JUnitReportReporter -->
<testsuite hostname="MT-5CD119LF0H" failures="0" tests="11" name="com.mindtree.runner.BDDTestRunner" time="538.124" errors="1" timestamp="2021-11-20T14:56:43 IST" skipped="0">
  <testcase classname="com.mindtree.runner.BDDTestRunner" name="runScenario" time="31.516"/>
  <testcase classname="com.mindtree.runner.BDDTestRunner" name="runScenario" time="41.958"/>
  <testcase classname="com.mindtree.runner.BDDTestRunner" name="runScenario" time="50.817"/>
  <testcase classname="com.mindtree.runner.BDDTestRunner" name="runScenario" time="51.321"/>
  <testcase classname="com.mindtree.runner.BDDTestRunner" name="runScenario" time="38.540"/>
  <testcase classname="com.mindtree.runner.BDDTestRunner" name="runScenario" time="48.216"/>
  <testcase classname="com.mindtree.runner.BDDTestRunner" name="runScenario" time="49.926"/>
  <testcase classname="com.mindtree.runner.BDDTestRunner" name="runScenario" time="37.478">
    <error message="Logged in failed" type="com.mindtree.exceptions.PageObjectException">
      <![CDATA[com.mindtree.exceptions.PageObjectException: Logged in failed
at com.mindtree.pageObject.HomePageLogIn.validate(HomePageLogIn.java:72)
at com.mindtree.stepDefinations.HomePageLoginStepDef.user_will_redirect_to_my_account_page(HomePageLoginStepDef.java:55)
at ✽.user will redirect to my account page(file:///D:/eclipse-workspace/ComprehensiveBDD/features/HomePageLogin.feature:8)
]]>
    </error>
  </testcase> <!-- runScenario -->
  <testcase classname="com.mindtree.runner.BDDTestRunner" name="runScenario" time="92.457"/>
  <testcase classname="com.mindtree.runner.BDDTestRunner" name="runScenario" time="43.742"/>
  <testcase classname="com.mindtree.runner.BDDTestRunner" name="runScenario" time="52.153"/>
</testsuite> <!-- com.mindtree.runner.BDDTestRunner -->
